<?xml version="1.0" encoding="UTF-8"?>
<testng-results skipped="0" failed="0" ignored="0" total="1" passed="1">
  <reporter-output>
  </reporter-output>
  <suite name="Suite" duration-ms="28801" started-at="2021-10-10T11:03:22 IST" finished-at="2021-10-10T11:03:51 IST">
    <groups>
    </groups>
    <test name="Test" duration-ms="28801" started-at="2021-10-10T11:03:22 IST" finished-at="2021-10-10T11:03:51 IST">
      <class name="Launch">
        <test-method status="PASS" signature="launch()[pri:0, instance:Launch@bd8db5a]" name="launch" duration-ms="27675" started-at="2021-10-10T11:03:22 IST" finished-at="2021-10-10T11:03:50 IST">
          <reporter-output>
          </reporter-output>
        </test-method> <!-- launch -->
        <test-method status="PASS" signature="teardown()[pri:0, instance:Launch@bd8db5a]" name="teardown" is-config="true" duration-ms="1090" started-at="2021-10-10T11:03:50 IST" finished-at="2021-10-10T11:03:51 IST">
          <reporter-output>
          </reporter-output>
        </test-method> <!-- teardown -->
      </class> <!-- Launch -->
    </test> <!-- Test -->
  </suite> <!-- Suite -->
</testng-results>
